-------------------------------------------------------------------------------
Test set: demo.CheckTest
-------------------------------------------------------------------------------
Tests run: 4, Failures: 1, Errors: 0, Skipped: 0, Time elapsed: 0.053 sec <<< FAILURE! - in demo.CheckTest
Play FizzBuzz with number = 3  Time elapsed: 0.033 sec  <<< FAILURE!
org.opentest4j.AssertionFailedError: expected: <3> but was: <Fizz>
	at demo.CheckTest.testFizz(CheckTest.java:25)

