<?xml version="1.0" encoding="UTF-8"?>
<testsuite xmlns:xsi="http://www.w3.org/2001/XMLSchema-instance" xsi:schemaLocation="https://maven.apache.org/surefire/maven-surefire-plugin/xsd/surefire-test-report.xsd" name="demo.CheckTest" time="0.053" tests="4" errors="0" skipped="0" failures="1">
  <properties>
[...]
</properties>
  <testcase name="Play FizzBuzz with number = 1" classname="demo.CheckTest" time="0.018"/>
  <testcase name="Play FizzBuzz with number = 3" classname="demo.CheckTest" time="0.033">
    <failure message="expected: &lt;3&gt; but was: &lt;Fizz&gt;" type="org.opentest4j.AssertionFailedError"><![CDATA[org.opentest4j.AssertionFailedError: expected: <3> but was: <Fizz>
	at demo.CheckTest.testFizz(CheckTest.java:25)
]]></failure>
  </testcase>
  <testcase name="Play FizzBuzz with number = 5" classname="demo.CheckTest" time="0"/>
  <testcase name="Don&apos;t Play FizzBuzz with number = 0" classname="demo.CheckTest" time="0"/>
</testsuite>